<?xml version="1.0" encoding="UTF-8"?>
<!-- Generated by org.testng.reporters.JUnitReportReporter -->
<testsuite skipped="0" hostname="LAPTOP-42TR0K9P" name="AirAsia.AirAsiaLearning.AirAsiaLoginTest" tests="3" failures="0" timestamp="2020-11-10T21:39:07 IST" time="0.008" errors="0">
  <testcase name="Submit" time="0.007" classname="AirAsia.AirAsiaLearning.AirAsiaLoginTest"/>
  <system-out/>
  <testcase name="loginid" time="0.000" classname="AirAsia.AirAsiaLearning.AirAsiaLoginTest"/>
  <system-out/>
  <testcase name="password" time="0.001" classname="AirAsia.AirAsiaLearning.AirAsiaLoginTest"/>
  <system-out/>
</testsuite> <!-- AirAsia.AirAsiaLearning.AirAsiaLoginTest -->
