<?xml version="1.0" encoding="UTF-8"?>
<!-- Generated by org.testng.reporters.JUnitReportReporter -->
<testsuite skipped="0" hostname="LAPTOP-42TR0K9P" name="AirAsia.AirAsiaLearning.AirAsiaRegistration" tests="3" failures="0" timestamp="2020-11-10T21:39:30 IST" time="0.000" errors="0">
  <testcase name="Reg_Address" time="0.000" classname="AirAsia.AirAsiaLearning.AirAsiaRegistration"/>
  <system-out/>
  <testcase name="Reg_Details" time="0.000" classname="AirAsia.AirAsiaLearning.AirAsiaRegistration"/>
  <system-out/>
  <testcase name="Reg_Contact" time="0.000" classname="AirAsia.AirAsiaLearning.AirAsiaRegistration"/>
  <system-out/>
</testsuite> <!-- AirAsia.AirAsiaLearning.AirAsiaRegistration -->
