<?xml version="1.0" encoding="UTF-8"?>
<!-- Generated by org.testng.reporters.JUnitReportReporter -->
<testsuite skipped="0" hostname="LAPTOP-42TR0K9P" name="AirAsia.AirAsiaLearning.AppTest" tests="1" failures="0" timestamp="2020-11-10T21:23:29 IST" time="0.001" errors="0">
  <testcase name="shouldAnswerWithTrue" time="0.001" classname="AirAsia.AirAsiaLearning.AppTest"/>
  <system-out/>
</testsuite> <!-- AirAsia.AirAsiaLearning.AppTest -->
